C:\USERS\PAULO\DESKTOP\BOIDS V2_TIAGO\MODELS\RELEASE\VEC3.OBJ
C:\USERS\PAULO\DESKTOP\BOIDS V2_TIAGO\MODELS\RELEASE\TINYXMLPARSER.OBJ
C:\USERS\PAULO\DESKTOP\BOIDS V2_TIAGO\MODELS\RELEASE\TINYXMLERROR.OBJ
C:\USERS\PAULO\DESKTOP\BOIDS V2_TIAGO\MODELS\RELEASE\TINYXML.OBJ
C:\USERS\PAULO\DESKTOP\BOIDS V2_TIAGO\MODELS\RELEASE\TINYSTR.OBJ
C:\USERS\PAULO\DESKTOP\BOIDS V2_TIAGO\MODELS\RELEASE\SWARM.OBJ
C:\USERS\PAULO\DESKTOP\BOIDS V2_TIAGO\MODELS\RELEASE\SCENE.OBJ
C:\USERS\PAULO\DESKTOP\BOIDS V2_TIAGO\MODELS\RELEASE\PATHS.OBJ
C:\USERS\PAULO\DESKTOP\BOIDS V2_TIAGO\MODELS\RELEASE\OBSTACLE.OBJ
C:\USERS\PAULO\DESKTOP\BOIDS V2_TIAGO\MODELS\RELEASE\MAIN.OBJ
C:\USERS\PAULO\DESKTOP\BOIDS V2_TIAGO\MODELS\RELEASE\BWORLD.OBJ
C:\USERS\PAULO\DESKTOP\BOIDS V2_TIAGO\MODELS\RELEASE\CAMINHO.OBJ
C:\USERS\PAULO\DESKTOP\BOIDS V2_TIAGO\MODELS\RELEASE\BOID.OBJ
C:\USERS\PAULO\DESKTOP\BOIDS V2_TIAGO\MODELS\RELEASE\VC110.PDB
C:\USERS\PAULO\DESKTOP\BOIDS V3\MODELS\RELEASE\VEC3.OBJ
C:\USERS\PAULO\DESKTOP\BOIDS V3\MODELS\RELEASE\TINYXMLPARSER.OBJ
C:\USERS\PAULO\DESKTOP\BOIDS V3\MODELS\RELEASE\TINYXMLERROR.OBJ
C:\USERS\PAULO\DESKTOP\BOIDS V3\MODELS\RELEASE\TINYXML.OBJ
C:\USERS\PAULO\DESKTOP\BOIDS V3\MODELS\RELEASE\TINYSTR.OBJ
C:\USERS\PAULO\DESKTOP\BOIDS V3\MODELS\RELEASE\SWARM.OBJ
C:\USERS\PAULO\DESKTOP\BOIDS V3\MODELS\RELEASE\SCENE.OBJ
C:\USERS\PAULO\DESKTOP\BOIDS V3\MODELS\RELEASE\PATHS.OBJ
C:\USERS\PAULO\DESKTOP\BOIDS V3\MODELS\RELEASE\OBSTACLE.OBJ
C:\USERS\PAULO\DESKTOP\BOIDS V3\MODELS\RELEASE\MAIN.OBJ
C:\USERS\PAULO\DESKTOP\BOIDS V3\MODELS\RELEASE\BWORLD.OBJ
C:\USERS\PAULO\DESKTOP\BOIDS V3\MODELS\RELEASE\CAMINHO.OBJ
C:\USERS\PAULO\DESKTOP\BOIDS V3\MODELS\RELEASE\BOID.OBJ
C:\USERS\PAULO\DESKTOP\BOIDS V3\MODELS\RELEASE\VC110.PDB
C:\USERS\PAULO\DESKTOP\BOIDS V2_TIAGO\RELEASE\BOIDS.EXE
C:\USERS\PAULO\DESKTOP\BOIDS V2_TIAGO\RELEASE\BOIDS.PDB
C:\USERS\PAULO\DESKTOP\BOIDS V3\RELEASE\BOIDS.EXE
C:\USERS\PAULO\DESKTOP\BOIDS V3\RELEASE\BOIDS.PDB
C:\Users\Paulo\Desktop\Boids v3\Models\Release\Boid.obj
C:\Users\Paulo\Desktop\Boids v3\Models\Release\BWorld.obj
C:\Users\Paulo\Desktop\Boids v3\Models\Release\Caminho.obj
C:\Users\Paulo\Desktop\Boids v3\Models\Release\LSwarms.obj
C:\Users\Paulo\Desktop\Boids v3\Models\Release\Main.obj
C:\Users\Paulo\Desktop\Boids v3\Models\Release\Obstacle.obj
C:\Users\Paulo\Desktop\Boids v3\Models\Release\Obstacles.obj
C:\Users\Paulo\Desktop\Boids v3\Models\Release\Paths.obj
C:\Users\Paulo\Desktop\Boids v3\Models\Release\Scene.obj
C:\Users\Paulo\Desktop\Boids v3\Models\Release\Swarm.obj
C:\Users\Paulo\Desktop\Boids v3\Models\Release\tinystr.obj
C:\Users\Paulo\Desktop\Boids v3\Models\Release\tinyxml.obj
C:\Users\Paulo\Desktop\Boids v3\Models\Release\tinyxmlerror.obj
C:\Users\Paulo\Desktop\Boids v3\Models\Release\tinyxmlparser.obj
C:\Users\Paulo\Desktop\Boids v3\Models\Release\Vec3.obj
C:\Users\Paulo\Desktop\Boids v3\Models\Release\cl.command.1.tlog
C:\Users\Paulo\Desktop\Boids v3\Models\Release\CL.read.1.tlog
C:\Users\Paulo\Desktop\Boids v3\Models\Release\CL.write.1.tlog
C:\Users\Paulo\Desktop\Boids v3\Models\Release\link-cvtres.read.1.tlog
C:\Users\Paulo\Desktop\Boids v3\Models\Release\link-cvtres.write.1.tlog
C:\Users\Paulo\Desktop\Boids v3\Models\Release\link-rc.read.1.tlog
C:\Users\Paulo\Desktop\Boids v3\Models\Release\link-rc.write.1.tlog
C:\Users\Paulo\Desktop\Boids v3\Models\Release\link.command.1.tlog
C:\Users\Paulo\Desktop\Boids v3\Models\Release\link.read.1.tlog
C:\Users\Paulo\Desktop\Boids v3\Models\Release\link.read.2.tlog
C:\Users\Paulo\Desktop\Boids v3\Models\Release\link.read.3.tlog
C:\Users\Paulo\Desktop\Boids v3\Models\Release\link.read.4.tlog
C:\Users\Paulo\Desktop\Boids v3\Models\Release\link.read.5.tlog
C:\Users\Paulo\Desktop\Boids v3\Models\Release\link.write.1.tlog
C:\Users\Paulo\Desktop\Boids v3\Models\Release\vc110.pdb
C:\Users\Paulo\Desktop\Boids v3\Release\Boids.pdb
C:\Users\Paulo\Desktop\Boids v3\Release\Boids.exe
