C:\USERS\PAULO\DESKTOP\BOIDS\BOIDS_PC_LIDER\MODELS\RELEASE\VEC3.OBJ
C:\USERS\PAULO\DESKTOP\BOIDS\BOIDS_PC_LIDER\MODELS\RELEASE\SWARM.OBJ
C:\USERS\PAULO\DESKTOP\BOIDS\BOIDS_PC_LIDER\MODELS\RELEASE\MAIN.OBJ
C:\USERS\PAULO\DESKTOP\BOIDS\BOIDS_PC_LIDER\MODELS\RELEASE\LSWARMS.OBJ
C:\USERS\PAULO\DESKTOP\BOIDS\BOIDS_PC_LIDER\MODELS\RELEASE\CAMINHO.OBJ
C:\USERS\PAULO\DESKTOP\BOIDS\BOIDS_PC_LIDER\MODELS\RELEASE\BOID.OBJ
C:\USERS\PAULO\DESKTOP\BOIDS\BOIDS_PC_LIDER\MODELS\RELEASE\VC110.PDB
C:\USERS\PAULO\DESKTOP\BOIDS\BOIDS_PC_LIDER\RELEASE\MODELS.EXE
C:\USERS\PAULO\DESKTOP\BOIDS\BOIDS_PC_LIDER\RELEASE\MODELS.PDB
C:\Users\Paulo\Desktop\Boids\Boids_PC_Lider\Models\Release\Boid.obj
C:\Users\Paulo\Desktop\Boids\Boids_PC_Lider\Models\Release\Caminho.obj
C:\Users\Paulo\Desktop\Boids\Boids_PC_Lider\Models\Release\LSwarms.obj
C:\Users\Paulo\Desktop\Boids\Boids_PC_Lider\Models\Release\Main.obj
C:\Users\Paulo\Desktop\Boids\Boids_PC_Lider\Models\Release\Swarm.obj
C:\Users\Paulo\Desktop\Boids\Boids_PC_Lider\Models\Release\Vec3.obj
C:\Users\Paulo\Desktop\Boids\Boids_PC_Lider\Models\Release\cl.command.1.tlog
C:\Users\Paulo\Desktop\Boids\Boids_PC_Lider\Models\Release\CL.read.1.tlog
C:\Users\Paulo\Desktop\Boids\Boids_PC_Lider\Models\Release\CL.write.1.tlog
C:\Users\Paulo\Desktop\Boids\Boids_PC_Lider\Models\Release\link-cvtres.read.1.tlog
C:\Users\Paulo\Desktop\Boids\Boids_PC_Lider\Models\Release\link-cvtres.write.1.tlog
C:\Users\Paulo\Desktop\Boids\Boids_PC_Lider\Models\Release\link-rc.read.1.tlog
C:\Users\Paulo\Desktop\Boids\Boids_PC_Lider\Models\Release\link-rc.write.1.tlog
C:\Users\Paulo\Desktop\Boids\Boids_PC_Lider\Models\Release\link.command.1.tlog
C:\Users\Paulo\Desktop\Boids\Boids_PC_Lider\Models\Release\link.read.1.tlog
C:\Users\Paulo\Desktop\Boids\Boids_PC_Lider\Models\Release\link.write.1.tlog
C:\Users\Paulo\Desktop\Boids\Boids_PC_Lider\Models\Release\vc110.pdb
C:\Users\Paulo\Desktop\Boids\Boids_PC_Lider\Release\Models.pdb
C:\Users\Paulo\Desktop\Boids\Boids_PC_Lider\Release\Models.exe
