C:\USERS\PAULO\DESKTOP\BOIDS V2_TIAGO\VSL\RELEASE\VSSHADERLIB.OBJ
C:\USERS\PAULO\DESKTOP\BOIDS V2_TIAGO\VSL\RELEASE\VSRESOURCELIB.OBJ
C:\USERS\PAULO\DESKTOP\BOIDS V2_TIAGO\VSL\RELEASE\VSRESMODELLIB.OBJ
C:\USERS\PAULO\DESKTOP\BOIDS V2_TIAGO\VSL\RELEASE\VSPROFILELIB.OBJ
C:\USERS\PAULO\DESKTOP\BOIDS V2_TIAGO\VSL\RELEASE\VSMATHLIB.OBJ
C:\USERS\PAULO\DESKTOP\BOIDS V2_TIAGO\VSL\RELEASE\VSLOGLIB.OBJ
C:\USERS\PAULO\DESKTOP\BOIDS V2_TIAGO\VSL\RELEASE\VSGLINFOLIB.OBJ
C:\USERS\PAULO\DESKTOP\BOIDS V2_TIAGO\VSL\RELEASE\VSFONTLIB.OBJ
C:\USERS\PAULO\DESKTOP\BOIDS V2_TIAGO\VSL\RELEASE\VC110.PDB
C:\USERS\PAULO\DESKTOP\BOIDS V3\VSL\RELEASE\VSSHADERLIB.OBJ
C:\USERS\PAULO\DESKTOP\BOIDS V3\VSL\RELEASE\VSRESOURCELIB.OBJ
C:\USERS\PAULO\DESKTOP\BOIDS V3\VSL\RELEASE\VSRESMODELLIB.OBJ
C:\USERS\PAULO\DESKTOP\BOIDS V3\VSL\RELEASE\VSPROFILELIB.OBJ
C:\USERS\PAULO\DESKTOP\BOIDS V3\VSL\RELEASE\VSMATHLIB.OBJ
C:\USERS\PAULO\DESKTOP\BOIDS V3\VSL\RELEASE\VSLOGLIB.OBJ
C:\USERS\PAULO\DESKTOP\BOIDS V3\VSL\RELEASE\VSGLINFOLIB.OBJ
C:\USERS\PAULO\DESKTOP\BOIDS V3\VSL\RELEASE\VSFONTLIB.OBJ
C:\USERS\PAULO\DESKTOP\BOIDS V3\VSL\RELEASE\VC110.PDB
C:\USERS\PAULO\DESKTOP\BOIDS V2_TIAGO\RELEASE\L3DVSL.LIB
C:\USERS\PAULO\DESKTOP\BOIDS V3\RELEASE\L3DVSL.LIB
C:\Users\Paulo\Desktop\Boids v3\VSL\Release\vsFontLib.obj
C:\Users\Paulo\Desktop\Boids v3\VSL\Release\vsGLInfoLib.obj
C:\Users\Paulo\Desktop\Boids v3\VSL\Release\vsLogLib.obj
C:\Users\Paulo\Desktop\Boids v3\VSL\Release\vsMathLib.obj
C:\Users\Paulo\Desktop\Boids v3\VSL\Release\vsProfileLib.obj
C:\Users\Paulo\Desktop\Boids v3\VSL\Release\vsResModelLib.obj
C:\Users\Paulo\Desktop\Boids v3\VSL\Release\vsResourceLib.obj
C:\Users\Paulo\Desktop\Boids v3\VSL\Release\vsShaderLib.obj
C:\Users\Paulo\Desktop\Boids v3\VSL\Release\cl.command.1.tlog
C:\Users\Paulo\Desktop\Boids v3\VSL\Release\CL.read.1.tlog
C:\Users\Paulo\Desktop\Boids v3\VSL\Release\CL.write.1.tlog
C:\Users\Paulo\Desktop\Boids v3\VSL\Release\Lib-link.read.1.tlog
C:\Users\Paulo\Desktop\Boids v3\VSL\Release\Lib-link.write.1.tlog
C:\Users\Paulo\Desktop\Boids v3\VSL\Release\lib.command.1.tlog
C:\Users\Paulo\Desktop\Boids v3\VSL\Release\vc110.pdb
C:\Users\Paulo\Desktop\Boids v3\Release\l3dvsl.lib
